Added Component: Designator=J?(632723300011)
Add component. Clean all parameters for all variants
Add component (AddParameter): Name = "ComponentLink1Description"; Value = "Manufacturer"; VariantName = "[No Variations]"
Add component (AddParameter): Name = "ComponentLink1URL"; Value = "http://www.we-online.de"; VariantName = "[No Variations]"
Add component (AddParameter): Name = "ComponentLink2Description"; Value = "Datasheet"; VariantName = "[No Variations]"
Add component (AddParameter): Name = "ComponentLink2URL"; Value = "http://katalog.we-online.de/em/datasheet/632723x00011.pdf"; VariantName = "[No Variations]"
Add component (AddParameter): Name = "Construction"; Value = "THR"; VariantName = "[No Variations]"
Add component (AddParameter): Name = "Gender"; Value = "Receptacle"; VariantName = "[No Variations]"
Add component (AddParameter): Name = "Interface Type"; Value = "Type C"; VariantName = "[No Variations]"
Add component (AddParameter): Name = "Part Number"; Value = "632723300011"; VariantName = "[No Variations]"
Add component (AddParameter): Name = "Published Date"; Value = "April 2017"; VariantName = "[No Variations]"
Add component (AddParameter): Name = "Publisher"; Value = "Wurth Elektronik"; VariantName = "[No Variations]"
Add component (AddParameter): Name = "Sub-Family"; Value = "USB 3.1"; VariantName = "[No Variations]"
Add component (AddParameter): Name = "Type"; Value = "Horizontal"; VariantName = "[No Variations]"
Added Component: Designator=P?(HDR1X2)
Add component. Clean all parameters for all variants
Add component (AddParameter): Name = "LatestRevisionDate"; Value = "17-Jul-2002"; VariantName = "[No Variations]"
Add component (AddParameter): Name = "LatestRevisionNote"; Value = "Re-released for DXP Platform."; VariantName = "[No Variations]"
Add component (AddParameter): Name = "Publisher"; Value = "Altium Limited"; VariantName = "[No Variations]"
Added Component: Designator=P?(HDR1X3)
Add component. Clean all parameters for all variants
Add component (AddParameter): Name = "LatestRevisionDate"; Value = "17-Jul-2002"; VariantName = "[No Variations]"
Add component (AddParameter): Name = "LatestRevisionNote"; Value = "Re-released for DXP Platform."; VariantName = "[No Variations]"
Add component (AddParameter): Name = "Publisher"; Value = "Altium Limited"; VariantName = "[No Variations]"
Added Pin To Net: NetName=+5 Pin=J?-A8
Added Pin To Net: NetName=+5 Pin=J?-A9
Added Pin To Net: NetName=+5 Pin=P?-2
Added Net: Name=+5
Added Pin To Net: NetName=+12 Pin=J?-A4
Added Pin To Net: NetName=+12 Pin=J?-A5
Added Pin To Net: NetName=+12 Pin=P?-1
Added Net: Name=+12
Added Pin To Net: NetName=CAN_H Pin=J?-B7
Added Pin To Net: NetName=CAN_H Pin=P?-1
Added Net: Name=CAN_H
Added Pin To Net: NetName=CAN_L Pin=J?-B6
Added Pin To Net: NetName=CAN_L Pin=P?-2
Added Net: Name=CAN_L
Added Pin To Net: NetName=GND Pin=J?-A1
Added Pin To Net: NetName=GND Pin=J?-A12
Added Pin To Net: NetName=GND Pin=J?-B1
Added Pin To Net: NetName=GND Pin=J?-B12
Added Pin To Net: NetName=GND Pin=P?-3
Added Net: Name=GND
Added Class: Name=UsbC
Added Room: Name=UsbC
