Change Component Designator: OldDesignator=B? NewDesignator=LP3
Change Net Name : Old Net Name=NetB?_1 New Net Name=NetB?_3
Added Pin To Net: NetName=NetB?_1 Pin=B?-1
Added Pin To Net: NetName=NetB?_1 Pin=B?-9
Added Pin To Net: NetName=NetB?_1 Pin=R?-2
Added Net: Name=NetB?_1
Added Member To Class: ClassName=Teensywpinsfinal Member=Component B? MKL02Z32VFG4
Added Member To Class: ClassName=Teensywpinsfinal Member=Component B? TPD3S014DBVR
Added Member To Class: ClassName=Teensywpinsfinal Member=Component C? Cap
Added Member To Class: ClassName=Teensywpinsfinal Member=Component C? Cap
Added Member To Class: ClassName=Teensywpinsfinal Member=Component C? Cap
Added Member To Class: ClassName=Teensywpinsfinal Member=Component C? Cap
Added Member To Class: ClassName=Teensywpinsfinal Member=Component C? Cap
Added Member To Class: ClassName=Teensywpinsfinal Member=Component C? Cap
Added Member To Class: ClassName=Teensywpinsfinal Member=Component C? Cap
Added Member To Class: ClassName=Teensywpinsfinal Member=Component C? Cap
Added Member To Class: ClassName=Teensywpinsfinal Member=Component C? Cap
Added Member To Class: ClassName=Teensywpinsfinal Member=Component C? Cap
Added Member To Class: ClassName=Teensywpinsfinal Member=Component C? Cap
Added Member To Class: ClassName=Teensywpinsfinal Member=Component C? Cap
Added Member To Class: ClassName=Teensywpinsfinal Member=Component C? Cap
Added Member To Class: ClassName=Teensywpinsfinal Member=Component D? LED0
Added Member To Class: ClassName=Teensywpinsfinal Member=Component D? Diode
Added Member To Class: ClassName=Teensywpinsfinal Member=Component D? Diode
Added Member To Class: ClassName=Teensywpinsfinal Member=Component D? Diode
Added Member To Class: ClassName=Teensywpinsfinal Member=Component LP3 LP38691SD-ADJ
Added Member To Class: ClassName=Teensywpinsfinal Member=Component P? Header 2H
Added Member To Class: ClassName=Teensywpinsfinal Member=Component P? Header 30
Added Member To Class: ClassName=Teensywpinsfinal Member=Component P? Header 30
Added Member To Class: ClassName=Teensywpinsfinal Member=Component R? Res1
Added Member To Class: ClassName=Teensywpinsfinal Member=Component R? Res1
Added Member To Class: ClassName=Teensywpinsfinal Member=Component R? Res1
Added Member To Class: ClassName=Teensywpinsfinal Member=Component R? Res1
Added Member To Class: ClassName=Teensywpinsfinal Member=Component Y? R145-32.768
Added Room: Name=Teensywpinsfinal
