Change Component Footprint: Designator=R? Old Footprint=AXIAL-0.3 New Footprint=CAPC1005X06N
Change component parameters: Designator = "RS resistor"; Footprint = "AXIAL-0.3"; UniqueID = "\NIKPWQPP"
Change component parameters. Clean all parameters for all variants
Change component parameters (AddParameter): Name = "LatestRevisionDate"; Value = "17-Jul-2002"; VariantName = "[No Variations]"
Change component parameters (AddParameter): Name = "LatestRevisionNote"; Value = "Re-released for DXP Platform."; VariantName = "[No Variations]"
Change component parameters (AddParameter): Name = "PackageDescription"; Value = "Axial Device, Thru-Hole; 2 Leads; 0.3 in Pin Spacing"; VariantName = "[No Variations]"
Change component parameters (AddParameter): Name = "PackageReference"; Value = "AXIAL-0.3"; VariantName = "[No Variations]"
Change component parameters (AddParameter): Name = "Published"; Value = "8-Jun-2000"; VariantName = "[No Variations]"
Change component parameters (AddParameter): Name = "Publisher"; Value = "Altium Limited"; VariantName = "[No Variations]"
Change component parameters (AddParameter): Name = "Value"; Value = "10K"; VariantName = "[No Variations]"
Added Member To Class: ClassName=Teensywpinsfinal Member=Component C? Cap
Added Member To Class: ClassName=Teensywpinsfinal Member=Component C? Cap
Added Member To Class: ClassName=Teensywpinsfinal Member=Component C? Cap
Added Member To Class: ClassName=Teensywpinsfinal Member=Component C? Cap
Added Member To Class: ClassName=Teensywpinsfinal Member=Component J? 632723100011
Added Member To Class: ClassName=Teensywpinsfinal Member=Component J? 629105150521
Added Member To Class: ClassName=Teensywpinsfinal Member=Component P? Sensor8
Added Member To Class: ClassName=Teensywpinsfinal Member=Component P? Dip Switch
Added Member To Class: ClassName=Teensywpinsfinal Member=Component P? Sensor2
Added Member To Class: ClassName=Teensywpinsfinal Member=Component P? Sensor5
Added Member To Class: ClassName=Teensywpinsfinal Member=Component P? Sensor8
Added Member To Class: ClassName=Teensywpinsfinal Member=Component P? Sensor6
Added Member To Class: ClassName=Teensywpinsfinal Member=Component P? Sensor4
Added Member To Class: ClassName=Teensywpinsfinal Member=Component P? Sensor3
Added Member To Class: ClassName=Teensywpinsfinal Member=Component P? Sensor1
Added Member To Class: ClassName=Teensywpinsfinal Member=Component R? Res1
Added Member To Class: ClassName=Teensywpinsfinal Member=Component R? Res1
Added Member To Class: ClassName=Teensywpinsfinal Member=Component R? Res1
Added Member To Class: ClassName=Teensywpinsfinal Member=Component R? Res1
Added Member To Class: ClassName=Teensywpinsfinal Member=Component Y? R145-32.768
